1548798262839	mozrunner::runner	INFO	Running command: "/usr/bin/firefox" "-marionette" "-foreground" "-no-remote" "-profile" "/tmp/rust_mozprofile.IdOsPeNuZyYf"
1548798270339	addons.webextension.screenshots@mozilla.org	WARN	Loading extension 'screenshots@mozilla.org': Reading manifest: Invalid host permission: resource://pdf.js/
1548798270339	addons.webextension.screenshots@mozilla.org	WARN	Loading extension 'screenshots@mozilla.org': Reading manifest: Invalid host permission: about:reader*

(firefox:4864): Gtk-WARNING **: 19:44:32.354: Theme parsing error: <data>:1:34: Expected ')' in color definition

(firefox:4864): Gtk-WARNING **: 19:44:32.354: Theme parsing error: <data>:1:77: Expected ')' in color definition
1548798279434	Marionette	INFO	Listening on port 42681
1548798279451	Marionette	WARN	TLS certificate errors will be ignored for this session
1548798308374	Marionette	INFO	Stopped listening on port 42681
[Parent 4864, Gecko_IOThread] WARNING: pipe error (94): Conex達o fechada pela outra ponta: file /build/firefox-wWf_B4/firefox-64.0+build3/ipc/chromium/src/chrome/common/ipc_channel_posix.cc, line 363
1548798439481	mozrunner::runner	INFO	Running command: "/usr/bin/firefox" "-marionette" "-foreground" "-no-remote" "-profile" "/tmp/rust_mozprofile.4rNAHEJXQ6N8"
1548798440524	addons.webextension.screenshots@mozilla.org	WARN	Loading extension 'screenshots@mozilla.org': Reading manifest: Invalid host permission: resource://pdf.js/
1548798440524	addons.webextension.screenshots@mozilla.org	WARN	Loading extension 'screenshots@mozilla.org': Reading manifest: Invalid host permission: about:reader*

(firefox:5856): Gtk-WARNING **: 19:47:21.123: Theme parsing error: <data>:1:34: Expected ')' in color definition

(firefox:5856): Gtk-WARNING **: 19:47:21.124: Theme parsing error: <data>:1:77: Expected ')' in color definition
1548798443767	Marionette	INFO	Listening on port 37179
1548798443922	Marionette	WARN	TLS certificate errors will be ignored for this session
console.error: BroadcastService: 
  receivedBroadcastMessage: handler for
  remote-settings/monitor_changes
  threw error:
  Message: Error: Polling for changes failed: NetworkError when attempting to fetch resource..
  Stack:
    remoteSettingsFunction/remoteSettings.pollChanges@resource://services-settings/remote-settings.js:750:13

1548798471552	Marionette	INFO	Stopped listening on port 37179
1548798515899	mozrunner::runner	INFO	Running command: "/usr/bin/firefox" "-marionette" "-foreground" "-no-remote" "-profile" "/tmp/rust_mozprofile.nQdKbNCpBOxN"
1548798516426	addons.webextension.screenshots@mozilla.org	WARN	Loading extension 'screenshots@mozilla.org': Reading manifest: Invalid host permission: resource://pdf.js/
1548798516427	addons.webextension.screenshots@mozilla.org	WARN	Loading extension 'screenshots@mozilla.org': Reading manifest: Invalid host permission: about:reader*

(firefox:6754): Gtk-WARNING **: 19:48:37.268: Theme parsing error: <data>:1:34: Expected ')' in color definition

(firefox:6754): Gtk-WARNING **: 19:48:37.268: Theme parsing error: <data>:1:77: Expected ')' in color definition
1548798520095	Marionette	INFO	Listening on port 36873
1548798520129	Marionette	WARN	TLS certificate errors will be ignored for this session
console.error: BroadcastService: 
  receivedBroadcastMessage: handler for
  remote-settings/monitor_changes
  threw error:
  Message: Error: Polling for changes failed: NetworkError when attempting to fetch resource..
  Stack:
    remoteSettingsFunction/remoteSettings.pollChanges@resource://services-settings/remote-settings.js:750:13

1548798548265	Marionette	INFO	Stopped listening on port 36873
[Parent 6754, Gecko_IOThread] WARNING: pipe error (82): Conex達o fechada pela outra ponta: file /build/firefox-wWf_B4/firefox-64.0+build3/ipc/chromium/src/chrome/common/ipc_channel_posix.cc, line 363
1548798652565	mozrunner::runner	INFO	Running command: "/usr/bin/firefox" "-marionette" "-foreground" "-no-remote" "-profile" "/tmp/rust_mozprofile.n3P8bPG5bZAt"
1548798653086	addons.webextension.screenshots@mozilla.org	WARN	Loading extension 'screenshots@mozilla.org': Reading manifest: Invalid host permission: resource://pdf.js/
1548798653086	addons.webextension.screenshots@mozilla.org	WARN	Loading extension 'screenshots@mozilla.org': Reading manifest: Invalid host permission: about:reader*

(firefox:7699): Gtk-WARNING **: 19:50:53.711: Theme parsing error: <data>:1:34: Expected ')' in color definition

(firefox:7699): Gtk-WARNING **: 19:50:53.711: Theme parsing error: <data>:1:77: Expected ')' in color definition
1548798656262	Marionette	INFO	Listening on port 37651
1548798656302	Marionette	WARN	TLS certificate errors will be ignored for this session
console.error: BroadcastService: 
  receivedBroadcastMessage: handler for
  remote-settings/monitor_changes
  threw error:
  Message: Error: Polling for changes failed: NetworkError when attempting to fetch resource..
  Stack:
    remoteSettingsFunction/remoteSettings.pollChanges@resource://services-settings/remote-settings.js:750:13

1548798683466	Marionette	INFO	Stopped listening on port 37651
IPDL protocol error: Handler returned error code!

###!!! [Parent][DispatchAsyncMessage] Error: PLayerTransaction::Msg_ReleaseLayer Processing error: message was deserialized, but the handler returned false (indicating failure)

[Parent 7699, Gecko_IOThread] WARNING: pipe error (79): Conex達o fechada pela outra ponta: file /build/firefox-wWf_B4/firefox-64.0+build3/ipc/chromium/src/chrome/common/ipc_channel_posix.cc, line 363
1548799333018	mozrunner::runner	INFO	Running command: "/usr/bin/firefox" "-marionette" "-foreground" "-no-remote" "-profile" "/tmp/rust_mozprofile.qA3f7q0SfGIA"
1548799333553	addons.webextension.screenshots@mozilla.org	WARN	Loading extension 'screenshots@mozilla.org': Reading manifest: Invalid host permission: resource://pdf.js/
1548799333553	addons.webextension.screenshots@mozilla.org	WARN	Loading extension 'screenshots@mozilla.org': Reading manifest: Invalid host permission: about:reader*

(firefox:8857): Gtk-WARNING **: 20:02:14.180: Theme parsing error: <data>:1:34: Expected ')' in color definition

(firefox:8857): Gtk-WARNING **: 20:02:14.180: Theme parsing error: <data>:1:77: Expected ')' in color definition
1548799336845	Marionette	INFO	Listening on port 36159
1548799337004	Marionette	WARN	TLS certificate errors will be ignored for this session
console.error: BroadcastService: 
  receivedBroadcastMessage: handler for
  remote-settings/monitor_changes
  threw error:
  Message: Error: Polling for changes failed: NetworkError when attempting to fetch resource..
  Stack:
    remoteSettingsFunction/remoteSettings.pollChanges@resource://services-settings/remote-settings.js:750:13

1548799362878	Marionette	INFO	Stopped listening on port 36159
IPDL protocol error: Handler returned error code!

###!!! [Parent][DispatchAsyncMessage] Error: PLayerTransaction::Msg_ReleaseLayer Processing error: message was deserialized, but the handler returned false (indicating failure)

1548799536562	mozrunner::runner	INFO	Running command: "/usr/bin/firefox" "-marionette" "-foreground" "-no-remote" "-profile" "/tmp/rust_mozprofile.NqhAMhVrqRAZ"
1548799537087	addons.webextension.screenshots@mozilla.org	WARN	Loading extension 'screenshots@mozilla.org': Reading manifest: Invalid host permission: resource://pdf.js/
1548799537087	addons.webextension.screenshots@mozilla.org	WARN	Loading extension 'screenshots@mozilla.org': Reading manifest: Invalid host permission: about:reader*

(firefox:9892): Gtk-WARNING **: 20:05:37.673: Theme parsing error: <data>:1:34: Expected ')' in color definition

(firefox:9892): Gtk-WARNING **: 20:05:37.673: Theme parsing error: <data>:1:77: Expected ')' in color definition
1548799540457	Marionette	INFO	Listening on port 46381
1548799540489	Marionette	WARN	TLS certificate errors will be ignored for this session
1548799567391	Marionette	INFO	Stopped listening on port 46381
[Parent 9892, Gecko_IOThread] WARNING: pipe error (79): Conex達o fechada pela outra ponta: file /build/firefox-wWf_B4/firefox-64.0+build3/ipc/chromium/src/chrome/common/ipc_channel_posix.cc, line 363
